<?xml version="1.0" encoding="UTF-8"?>
<!-- Generated by org.testng.reporters.JUnitXMLReporter -->
<testsuite hostname="DESKTOP-4A3OPJ8" ignored="0" name="Regression" tests="2" failures="1" timestamp="04 Mar 2020 04:18:46 GMT" time="21.872" errors="0">
  <testcase name="ss" time="21.825" classname="com.proquest.basics.Screenshot"/>
  <testcase name="ss" time="21.846" classname="com.proquest.basics.Screenshot">
    <failure type="java.lang.Error" message="Unresolved compilation problem: 
	FileUtils cannot be resolved
">
      <![CDATA[java.lang.Error: Unresolved compilation problem: 
FileUtils cannot be resolved

at com.proquest.basics.ITest.onTestSuccess(ITest.java:29)
... Removed 22 stack frames]]>
    </failure>
  </testcase> <!-- ss -->
</testsuite> <!-- Regression -->
