<?xml version="1.0" encoding="UTF-8"?>
<testng-results skipped="0" failed="0" ignored="0" total="1" passed="1">
  <reporter-output>
  </reporter-output>
  <suite name="Default suite" duration-ms="29857" started-at="2020-03-04T06:06:32Z" finished-at="2020-03-04T06:07:02Z">
    <groups>
    </groups>
    <test name="Default test" duration-ms="29857" started-at="2020-03-04T06:06:32Z" finished-at="2020-03-04T06:07:02Z">
      <class name="com.proquest.basics.TitlesToTextFile">
        <test-method status="PASS" signature="textfile()[pri:0, instance:com.proquest.basics.TitlesToTextFile@9629756]" name="textfile" duration-ms="29822" started-at="2020-03-04T06:06:32Z" finished-at="2020-03-04T06:07:02Z">
          <reporter-output>
          </reporter-output>
        </test-method> <!-- textfile -->
      </class> <!-- com.proquest.basics.TitlesToTextFile -->
    </test> <!-- Default test -->
  </suite> <!-- Default suite -->
</testng-results>
