<?xml version="1.0" encoding="UTF-8"?>
<testng-results skipped="0" failed="0" ignored="0" total="1" passed="1">
  <reporter-output>
  </reporter-output>
  <suite name="Default suite" duration-ms="20436" started-at="2020-03-04T03:30:12Z" finished-at="2020-03-04T03:30:32Z">
    <groups>
    </groups>
    <test name="Default test" duration-ms="20436" started-at="2020-03-04T03:30:12Z" finished-at="2020-03-04T03:30:32Z">
      <class name="com.proquest.basics.Screenshot">
        <test-method status="PASS" signature="ss()[pri:0, instance:com.proquest.basics.Screenshot@ff5b51f]" name="ss" duration-ms="20395" started-at="2020-03-04T03:30:12Z" finished-at="2020-03-04T03:30:32Z">
          <reporter-output>
          </reporter-output>
        </test-method> <!-- ss -->
      </class> <!-- com.proquest.basics.Screenshot -->
    </test> <!-- Default test -->
  </suite> <!-- Default suite -->
</testng-results>
